<?xml version="1.0" encoding="UTF-8" standalone="no"?>
<epp xmlns="urn:ietf:params:xml:ns:epp-1.0" xmlns:xsi="http://www.w3.org/2001/XMLSchema-instance" xsi:schemaLocation="urn:ietf:params:xml:ns:epp-1.0 epp-1.0.xsd">
<command>
<update>
<host:update xmlns:host="urn:ietf:params:xml:ns:host-1.0" xsi:schemaLocation="urn:ietf:params:xml:ns:host-1.0 host-1.0.xsd">
	<host:name>{hostname}</host:name>
</host:update>
</update>
<extension>
	<no-ext-host:update xmlns:no-ext-host="http://www.norid.no/xsd/no-ext-host-1.0" xsi:schemaLocation="http://www.norid.no/xsd/no-ext-host-1.0 no-ext-host-1.0.xsd">
	   <no-ext-host:add>
			<no-ext-host:contact>{clid}</no-ext-host:contact>
		</no-ext-host:add>
	</no-ext-host:update>
</extension>
<clTRID>{clTRID}</clTRID>
</command>
</epp>