<?xml version="1.0" encoding="UTF-8" standalone="no"?>
 <epp xmlns="urn:ietf:params:xml:ns:epp-1.0"
    xmlns:xsi="http://www.w3.org/2001/XMLSchema-instance"
    xsi:schemaLocation="urn:ietf:params:xml:ns:epp-1.0 epp-1.0.xsd">
 <command>
  <update>
  <contact:update xmlns:contact="urn:ietf:params:xml:ns:contact-1.0"
   xsi:schemaLocation="urn:ietf:params:xml:ns:contact-1.0 contact-1.0.xsd">
    <contact:id>{id}</contact:id>
    <contact:add>
      <contact:status s="clientTransferProhibited"/>
    </contact:add>
    <contact:chg>
     <contact:postalInfo type="int">
      <contact:org/>
      <contact:addr>
      <contact:street>{street1}</contact:street>
      <contact:street>{street2}</contact:street>
      <contact:city>{city}</contact:city>
      <contact:sp>{sp}</contact:sp>
      <contact:pc>{pc}</contact:pc>
      <contact:cc>{cc}</contact:cc>
      </contact:addr>
     </contact:postalInfo>
     <contact:voice>{voice}</contact:voice>
     <contact:fax/>
     <contact:authInfo>
      <contact:pw>{pw}</contact:pw>
     </contact:authInfo>
    </contact:chg>
    </contact:update>
   </update>
   <clTRID>{clTRID}</clTRID>
  </command>
 </epp>
