<?xml version="1.0" encoding="UTF-8" standalone="no"?>
 <epp xmlns="urn:ietf:params:xml:ns:epp-1.0"
    xmlns:xsi="http://www.w3.org/2001/XMLSchema-instance"
    xsi:schemaLocation="urn:ietf:params:xml:ns:epp-1.0 epp-1.0.xsd">
 <command>
  <update>
  <contact:update xmlns:contact="urn:ietf:params:xml:ns:contact-1.0"
   xsi:schemaLocation="urn:ietf:params:xml:ns:contact-1.0 contact-1.0.xsd">
    <contact:id>{id}</contact:id>
    <contact:chg>
     	<contact:postalInfo type="loc">
		<contact:name>{name}</contact:name>
		<contact:org>{org}</contact:org>
			<contact:addr>
				<contact:street>{street1}</contact:street>
				<contact:street>{street2}</contact:street>
				<contact:city>{city}</contact:city>
				<contact:pc>{pc}</contact:pc>
				<contact:cc>{cc}</contact:cc>
			</contact:addr>
		</contact:postalInfo>
    </contact:chg>
    </contact:update>
   </update>
   <clTRID>{clTRID}</clTRID>
  </command>
 </epp>
