<?xml version="1.0" encoding="UTF-8"?>
<epp xmlns="urn:ietf:params:xml:ns:epp-1.0" xmlns:xsi="http://www.w3.org/2001/XMLSchema-instance" xsi:schemaLocation="urn:ietf:params:xml:ns:epp-1.0 epp-1.0.xsd">
<command>
<create>
<domain:create xmlns:domain="urn:ietf:params:xml:ns:domain-1.0" xsi:schemaLocation="urn:ietf:params:xml:ns:domain-1.0 domain-1.0.xsd">
<domain:name>eppexception.info</domain:name>
<domain:period unit="y">2</domain:period>
<domain:ns>
	<domain:hostObj>ns1.eppvalid.info</domain:hostObj>
	<domain:hostObj>ns2.eppvalid.info</domain:hostObj>
</domain:ns>
<domain:registrant>EPPOTE-C99</domain:registrant>
	<domain:contact type="admin">EPPOTE-C3</domain:contact>
	<domain:contact type="billing">EPPOTE-C4</domain:contact>
	<domain:contact type="tech">EPPOTE-C5</domain:contact>
	<domain:authInfo>
		<domain:pw>my secret</domain:pw>
	</domain:authInfo>
</domain:create>
</create>
<clTRID>{clTRID}</clTRID>
</command>
</epp>
